Flow report for Lab1Demo
Tue May 07 19:01:23 2019
Quartus Prime Version 17.0.0 Build 595 04/25/2017 SJ Standard Edition


---------------------
; Table of Contents ;
---------------------
  1. Legal Notice
  2. Flow Summary
  3. Flow Settings
  4. Flow Non-Default Global Settings
  5. Flow Elapsed Time
  6. Flow OS Summary
  7. Flow Log
  8. Flow Messages
  9. Flow Suppressed Messages



----------------
; Legal Notice ;
----------------
Copyright (C) 2017  Intel Corporation. All rights reserved.
Your use of Intel Corporation's design tools, logic functions 
and other software and tools, and its AMPP partner logic 
functions, and any output files from any of the foregoing 
(including device programming or simulation files), and any 
associated documentation or information are expressly subject 
to the terms and conditions of the Intel Program License 
Subscription Agreement, the Intel Quartus Prime License Agreement,
the Intel MegaCore Function License Agreement, or other 
applicable license agreement, including, without limitation, 
that your use is for the sole purpose of programming logic 
devices manufactured by Intel and sold by Intel or its 
authorized distributors.  Please refer to the applicable 
agreement for further details.



+-----------------------------------------------------------------------------------+
; Flow Summary                                                                      ;
+---------------------------------+-------------------------------------------------+
; Flow Status                     ; Successful - Tue May 07 19:01:12 2019           ;
; Quartus Prime Version           ; 17.0.0 Build 595 04/25/2017 SJ Standard Edition ;
; Revision Name                   ; Lab1Demo                                        ;
; Top-level Entity Name           ; TOP_Schematic                                   ;
; Family                          ; Cyclone V                                       ;
; Device                          ; 5CSXFC6D6F31C6                                  ;
; Timing Models                   ; Final                                           ;
; Logic utilization (in ALMs)     ; 550 / 41,910 ( 1 % )                            ;
; Total registers                 ; 922                                             ;
; Total pins                      ; 97 / 499 ( 19 % )                               ;
; Total virtual pins              ; 0                                               ;
; Total block memory bits         ; 128 / 5,662,720 ( < 1 % )                       ;
; Total DSP Blocks                ; 0 / 112 ( 0 % )                                 ;
; Total HSSI RX PCSs              ; 0 / 9 ( 0 % )                                   ;
; Total HSSI PMA RX Deserializers ; 0 / 9 ( 0 % )                                   ;
; Total HSSI TX PCSs              ; 0 / 9 ( 0 % )                                   ;
; Total HSSI PMA TX Serializers   ; 0 / 9 ( 0 % )                                   ;
; Total PLLs                      ; 0 / 15 ( 0 % )                                  ;
; Total DLLs                      ; 0 / 4 ( 0 % )                                   ;
+---------------------------------+-------------------------------------------------+


+-----------------------------------------+
; Flow Settings                           ;
+-------------------+---------------------+
; Option            ; Setting             ;
+-------------------+---------------------+
; Start date & time ; 05/07/2019 18:59:53 ;
; Main task         ; Compilation         ;
; Revision Name     ; Lab1Demo            ;
+-------------------+---------------------+


+---------------------------------------------------------------------------------------------------------------------------+
; Flow Non-Default Global Settings                                                                                          ;
+-------------------------------------+----------------------------------------+---------------+---------------+------------+
; Assignment Name                     ; Value                                  ; Default Value ; Entity Name   ; Section Id ;
+-------------------------------------+----------------------------------------+---------------+---------------+------------+
; COMPILER_SIGNATURE_ID               ; 48710646988395.155724479308364         ; --            ; --            ; --         ;
; ENABLE_SIGNALTAP                    ; On                                     ; --            ; --            ; --         ;
; MAX_CORE_JUNCTION_TEMP              ; 85                                     ; --            ; --            ; --         ;
; MIN_CORE_JUNCTION_TEMP              ; 0                                      ; --            ; --            ; --         ;
; NUM_PARALLEL_PROCESSORS             ; All                                    ; --            ; --            ; --         ;
; PARTITION_COLOR                     ; -- (Not supported for targeted family) ; --            ; TOP_Schematic ; Top        ;
; PARTITION_FITTER_PRESERVATION_LEVEL ; -- (Not supported for targeted family) ; --            ; TOP_Schematic ; Top        ;
; PARTITION_NETLIST_TYPE              ; -- (Not supported for targeted family) ; --            ; TOP_Schematic ; Top        ;
; POWER_BOARD_THERMAL_MODEL           ; None (CONSERVATIVE)                    ; --            ; --            ; --         ;
; POWER_PRESET_COOLING_SOLUTION       ; 23 MM HEAT SINK WITH 200 LFPM AIRFLOW  ; --            ; --            ; --         ;
; PROJECT_OUTPUT_DIRECTORY            ; output_files                           ; --            ; --            ; --         ;
; SMART_RECOMPILE                     ; On                                     ; Off           ; --            ; --         ;
; TOP_LEVEL_ENTITY                    ; TOP_Schematic                          ; Lab1Demo      ; --            ; --         ;
; USE_SIGNALTAP_FILE                  ; output_files/STfor4-5.stp              ; --            ; --            ; --         ;
+-------------------------------------+----------------------------------------+---------------+---------------+------------+


+-------------------------------------------------------------------------------------------------------------------------------+
; Flow Elapsed Time                                                                                                             ;
+---------------------------+--------------+-------------------------+---------------------+------------------------------------+
; Module Name               ; Elapsed Time ; Average Processors Used ; Peak Virtual Memory ; Total CPU Time (on all processors) ;
+---------------------------+--------------+-------------------------+---------------------+------------------------------------+
; Analysis & Synthesis      ; 00:00:14     ; 1.0                     ; 716 MB              ; 00:00:23                           ;
; Fitter                    ; 00:00:45     ; 1.1                     ; 2586 MB             ; 00:01:29                           ;
; Assembler                 ; 00:00:09     ; 1.0                     ; 701 MB              ; 00:00:07                           ;
; TimeQuest Timing Analyzer ; 00:00:10     ; 1.3                     ; 1047 MB             ; 00:00:09                           ;
; Total                     ; 00:01:18     ; --                      ; --                  ; 00:02:08                           ;
+---------------------------+--------------+-------------------------+---------------------+------------------------------------+


+----------------------------------------------------------------------------------------+
; Flow OS Summary                                                                        ;
+---------------------------+------------------+-----------+------------+----------------+
; Module Name               ; Machine Hostname ; OS Name   ; OS Version ; Processor type ;
+---------------------------+------------------+-----------+------------+----------------+
; Analysis & Synthesis      ; ee-206-17        ; Windows 7 ; 6.1        ; x86_64         ;
; Fitter                    ; ee-206-17        ; Windows 7 ; 6.1        ; x86_64         ;
; Assembler                 ; ee-206-17        ; Windows 7 ; 6.1        ; x86_64         ;
; TimeQuest Timing Analyzer ; ee-206-17        ; Windows 7 ; 6.1        ; x86_64         ;
+---------------------------+------------------+-----------+------------+----------------+


------------
; Flow Log ;
------------
quartus_map --read_settings_files=on --write_settings_files=off Lab1Demo -c Lab1Demo
quartus_fit --read_settings_files=off --write_settings_files=off Lab1Demo -c Lab1Demo
quartus_asm --read_settings_files=off --write_settings_files=off Lab1Demo -c Lab1Demo
quartus_sta Lab1Demo -c Lab1Demo



