Analysis & Elaboration report for Lab1Demo
Mon May 13 20:59:28 2019
Quartus Prime Version 17.0.0 Build 595 04/25/2017 SJ Lite Edition


---------------------
; Table of Contents ;
---------------------
  1. Legal Notice
  2. Analysis & Elaboration Summary
  3. Parallel Compilation
  4. Analysis & Elaboration IP Cores Summary
  5. Source assignments for sld_signaltap:auto_signaltap_0
  6. Parameter Settings for User Entity Instance: Top-level Entity: |Player_move
  7. Parameter Settings for Inferred Entity Instance: sld_signaltap:auto_signaltap_0
  8. Analysis & Elaboration Settings
  9. SignalTap II Logic Analyzer Settings
 10. Analysis & Elaboration Messages
 11. Analysis & Elaboration Suppressed Messages



----------------
; Legal Notice ;
----------------
Copyright (C) 2017  Intel Corporation. All rights reserved.
Your use of Intel Corporation's design tools, logic functions 
and other software and tools, and its AMPP partner logic 
functions, and any output files from any of the foregoing 
(including device programming or simulation files), and any 
associated documentation or information are expressly subject 
to the terms and conditions of the Intel Program License 
Subscription Agreement, the Intel Quartus Prime License Agreement,
the Intel MegaCore Function License Agreement, or other 
applicable license agreement, including, without limitation, 
that your use is for the sole purpose of programming logic 
devices manufactured by Intel and sold by Intel or its 
authorized distributors.  Please refer to the applicable 
agreement for further details.



+-----------------------------------------------------------------------------+
; Analysis & Elaboration Summary                                              ;
+-------------------------------+---------------------------------------------+
; Analysis & Elaboration Status ; Successful - Mon May 13 20:59:28 2019       ;
; Quartus Prime Version         ; 17.0.0 Build 595 04/25/2017 SJ Lite Edition ;
; Revision Name                 ; Lab1Demo                                    ;
; Top-level Entity Name         ; Player_move                                 ;
; Family                        ; Cyclone V                                   ;
; Logic utilization (in ALMs)   ; N/A until Partition Merge                   ;
; Total registers               ; N/A until Partition Merge                   ;
; Total pins                    ; N/A until Partition Merge                   ;
; Total virtual pins            ; N/A until Partition Merge                   ;
; Total block memory bits       ; N/A until Partition Merge                   ;
; Total PLLs                    ; N/A until Partition Merge                   ;
; Total DLLs                    ; N/A until Partition Merge                   ;
+-------------------------------+---------------------------------------------+


+------------------------------------------+
; Parallel Compilation                     ;
+----------------------------+-------------+
; Processors                 ; Number      ;
+----------------------------+-------------+
; Number detected on machine ; 4           ;
; Maximum allowed            ; 2           ;
;                            ;             ;
; Average used               ; 1.00        ;
; Maximum used               ; 1           ;
;                            ;             ;
; Usage by Processor         ; % Time Used ;
;     Processor 1            ; 100.0%      ;
+----------------------------+-------------+


+--------------------------------------------------------------------------------------------------------------------------------------------------------------------------------------------------------------------------------------------------------------------------------------------------------------------------------------------------------------------+
; Analysis & Elaboration IP Cores Summary                                                                                                                                                                                                                                                                                                                            ;
+--------+--------------+---------+--------------+--------------+----------------------------------------------------------------------------------------------------------------------------------------------------------------------------------------------------------------------------------------------------------------------------------+-----------------+
; Vendor ; IP Core Name ; Version ; Release Date ; License Type ; Entity Instance                                                                                                                                                                                                                                                                  ; IP Include File ;
+--------+--------------+---------+--------------+--------------+----------------------------------------------------------------------------------------------------------------------------------------------------------------------------------------------------------------------------------------------------------------------------------+-----------------+
; Altera ; Signal Tap   ; N/A     ; N/A          ; Licensed     ; |Player_move|sld_hub:auto_hub|alt_sld_fab_with_jtag_input:\instrumentation_fabric_with_node_gen:fabric_gen_new_way:with_jtag_input_gen:instrumentation_fabric|alt_sld_fab:instrumentation_fabric                                                                                 ;                 ;
; Altera ; Signal Tap   ; N/A     ; N/A          ; Licensed     ; |Player_move|sld_hub:auto_hub|alt_sld_fab_with_jtag_input:\instrumentation_fabric_with_node_gen:fabric_gen_new_way:with_jtag_input_gen:instrumentation_fabric|alt_sld_fab:instrumentation_fabric|alt_sld_fab_alt_sld_fab:alt_sld_fab                                             ;                 ;
; Altera ; Signal Tap   ; N/A     ; N/A          ; Licensed     ; |Player_move|sld_hub:auto_hub|alt_sld_fab_with_jtag_input:\instrumentation_fabric_with_node_gen:fabric_gen_new_way:with_jtag_input_gen:instrumentation_fabric|alt_sld_fab:instrumentation_fabric|alt_sld_fab_alt_sld_fab:alt_sld_fab|alt_sld_fab_alt_sld_fab_presplit:presplit   ;                 ;
; Altera ; Signal Tap   ; N/A     ; N/A          ; Licensed     ; |Player_move|sld_hub:auto_hub|alt_sld_fab_with_jtag_input:\instrumentation_fabric_with_node_gen:fabric_gen_new_way:with_jtag_input_gen:instrumentation_fabric|alt_sld_fab:instrumentation_fabric|alt_sld_fab_alt_sld_fab:alt_sld_fab|alt_sld_fab_alt_sld_fab_sldfabric:sldfabric ;                 ;
; Altera ; Signal Tap   ; N/A     ; N/A          ; Licensed     ; |Player_move|sld_hub:auto_hub|alt_sld_fab_with_jtag_input:\instrumentation_fabric_with_node_gen:fabric_gen_new_way:with_jtag_input_gen:instrumentation_fabric|alt_sld_fab:instrumentation_fabric|alt_sld_fab_alt_sld_fab:alt_sld_fab|alt_sld_fab_alt_sld_fab_splitter:splitter   ;                 ;
+--------+--------------+---------+--------------+--------------+----------------------------------------------------------------------------------------------------------------------------------------------------------------------------------------------------------------------------------------------------------------------------------+-----------------+


+-------------------------------------------------------+
; Source assignments for sld_signaltap:auto_signaltap_0 ;
+-----------------+-------+------+----------------------+
; Assignment      ; Value ; From ; To                   ;
+-----------------+-------+------+----------------------+
; MESSAGE_DISABLE ; 13410 ; -    ; -                    ;
+-----------------+-------+------+----------------------+


+-----------------------------------------------------------------------------+
; Parameter Settings for User Entity Instance: Top-level Entity: |Player_move ;
+----------------+-------+----------------------------------------------------+
; Parameter Name ; Value ; Type                                               ;
+----------------+-------+----------------------------------------------------+
; INITIAL_X      ; 320   ; Signed Integer                                     ;
; INITIAL_Y      ; 450   ; Signed Integer                                     ;
; X_SPEED        ; 50    ; Signed Integer                                     ;
+----------------+-------+----------------------------------------------------+
Note: In order to hide this table in the UI and the text report file, please set the "Show Parameter Settings in Synthesis Report" option in "Analysis and Synthesis Settings -> More Settings" to "Off".


+---------------------------------------------------------------------------------------------------------------------------------------------------------------------+
; Parameter Settings for Inferred Entity Instance: sld_signaltap:auto_signaltap_0                                                                                     ;
+-------------------------------------------------+--------------------------------------------------------------------------------------------------+----------------+
; Parameter Name                                  ; Value                                                                                            ; Type           ;
+-------------------------------------------------+--------------------------------------------------------------------------------------------------+----------------+
; lpm_type                                        ; sld_signaltap                                                                                    ; String         ;
; sld_node_info                                   ; 805334528                                                                                        ; Untyped        ;
; SLD_SECTION_ID                                  ; hdl_signaltap_0                                                                                  ; String         ;
; SLD_IP_VERSION                                  ; 6                                                                                                ; Signed Integer ;
; SLD_IP_MINOR_VERSION                            ; 0                                                                                                ; Signed Integer ;
; SLD_COMMON_IP_VERSION                           ; 0                                                                                                ; Signed Integer ;
; sld_data_bits                                   ; 24                                                                                               ; Untyped        ;
; sld_trigger_bits                                ; 24                                                                                               ; Untyped        ;
; SLD_NODE_CRC_BITS                               ; 32                                                                                               ; Signed Integer ;
; SLD_NODE_CRC_HIWORD                             ; 41394                                                                                            ; Signed Integer ;
; SLD_NODE_CRC_LOWORD                             ; 50132                                                                                            ; Signed Integer ;
; sld_incremental_routing                         ; 1                                                                                                ; Untyped        ;
; sld_sample_depth                                ; 1024                                                                                             ; Untyped        ;
; sld_segment_size                                ; 1024                                                                                             ; Untyped        ;
; sld_ram_block_type                              ; AUTO                                                                                             ; Untyped        ;
; sld_state_bits                                  ; 11                                                                                               ; Untyped        ;
; sld_buffer_full_stop                            ; 1                                                                                                ; Untyped        ;
; SLD_MEM_ADDRESS_BITS                            ; 7                                                                                                ; Signed Integer ;
; SLD_DATA_BIT_CNTR_BITS                          ; 4                                                                                                ; Signed Integer ;
; sld_trigger_level                               ; 1                                                                                                ; Untyped        ;
; sld_trigger_in_enabled                          ; 0                                                                                                ; Untyped        ;
; SLD_HPS_TRIGGER_IN_ENABLED                      ; 0                                                                                                ; Signed Integer ;
; SLD_HPS_TRIGGER_OUT_ENABLED                     ; 0                                                                                                ; Signed Integer ;
; SLD_HPS_EVENT_ENABLED                           ; 0                                                                                                ; Signed Integer ;
; SLD_HPS_EVENT_ID                                ; 0                                                                                                ; Signed Integer ;
; sld_advanced_trigger_entity                     ; basic,1,                                                                                         ; Untyped        ;
; sld_trigger_level_pipeline                      ; 1                                                                                                ; Untyped        ;
; sld_trigger_pipeline                            ; 0                                                                                                ; Untyped        ;
; sld_ram_pipeline                                ; 0                                                                                                ; Untyped        ;
; sld_counter_pipeline                            ; 0                                                                                                ; Untyped        ;
; sld_enable_advanced_trigger                     ; 0                                                                                                ; Untyped        ;
; SLD_ADVANCED_TRIGGER_1                          ; NONE                                                                                             ; String         ;
; SLD_ADVANCED_TRIGGER_2                          ; NONE                                                                                             ; String         ;
; SLD_ADVANCED_TRIGGER_3                          ; NONE                                                                                             ; String         ;
; SLD_ADVANCED_TRIGGER_4                          ; NONE                                                                                             ; String         ;
; SLD_ADVANCED_TRIGGER_5                          ; NONE                                                                                             ; String         ;
; SLD_ADVANCED_TRIGGER_6                          ; NONE                                                                                             ; String         ;
; SLD_ADVANCED_TRIGGER_7                          ; NONE                                                                                             ; String         ;
; SLD_ADVANCED_TRIGGER_8                          ; NONE                                                                                             ; String         ;
; SLD_ADVANCED_TRIGGER_9                          ; NONE                                                                                             ; String         ;
; SLD_ADVANCED_TRIGGER_10                         ; NONE                                                                                             ; String         ;
; sld_inversion_mask_length                       ; 96                                                                                               ; Untyped        ;
; sld_inversion_mask                              ; 000000000000000000000000000000000000000000000000000000000000000000000000000000000000000000000000 ; Untyped        ;
; sld_power_up_trigger                            ; 0                                                                                                ; Untyped        ;
; SLD_STATE_FLOW_MGR_ENTITY                       ; state_flow_mgr_entity.vhd                                                                        ; String         ;
; sld_state_flow_use_generated                    ; 0                                                                                                ; Untyped        ;
; sld_current_resource_width                      ; 1                                                                                                ; Untyped        ;
; sld_attribute_mem_mode                          ; OFF                                                                                              ; Untyped        ;
; sld_storage_qualifier_bits                      ; 24                                                                                               ; Untyped        ;
; SLD_STORAGE_QUALIFIER_GAP_RECORD                ; 0                                                                                                ; Signed Integer ;
; SLD_STORAGE_QUALIFIER_MODE                      ; OFF                                                                                              ; String         ;
; SLD_STORAGE_QUALIFIER_ENABLE_ADVANCED_CONDITION ; 0                                                                                                ; Signed Integer ;
; sld_storage_qualifier_inversion_mask_length     ; 0                                                                                                ; Untyped        ;
; SLD_STORAGE_QUALIFIER_ADVANCED_CONDITION_ENTITY ; basic                                                                                            ; String         ;
; SLD_STORAGE_QUALIFIER_PIPELINE                  ; 0                                                                                                ; Signed Integer ;
; SLD_CREATE_MONITOR_INTERFACE                    ; 0                                                                                                ; Signed Integer ;
; SLD_USE_JTAG_SIGNAL_ADAPTER                     ; 1                                                                                                ; Signed Integer ;
+-------------------------------------------------+--------------------------------------------------------------------------------------------------+----------------+
Note: In order to hide this table in the UI and the text report file, please set the "Show Parameter Settings in Synthesis Report" option in "Analysis and Synthesis Settings -> More Settings" to "Off".


+---------------------------------------------------------------------------------------------------------------------------+
; Analysis & Elaboration Settings                                                                                           ;
+---------------------------------------------------------------------------------+--------------------+--------------------+
; Option                                                                          ; Setting            ; Default Value      ;
+---------------------------------------------------------------------------------+--------------------+--------------------+
; Device                                                                          ; 5CSXFC6D6F31C6     ;                    ;
; Top-level entity name                                                           ; Player_move        ; Lab1Demo           ;
; Family name                                                                     ; Cyclone V          ; Cyclone V          ;
; Use smart compilation                                                           ; On                 ; Off                ;
; Maximum processors allowed for parallel compilation                             ; All                ;                    ;
; Enable parallel Assembler and TimeQuest Timing Analyzer during compilation      ; On                 ; On                 ;
; Enable compact report table                                                     ; Off                ; Off                ;
; Restructure Multiplexers                                                        ; Auto               ; Auto               ;
; MLAB Add Timing Constraints For Mixed-Port Feed-Through Mode Setting Don't Care ; Off                ; Off                ;
; Create Debugging Nodes for IP Cores                                             ; Off                ; Off                ;
; Preserve fewer node names                                                       ; On                 ; On                 ;
; OpenCore Plus hardware evaluation                                               ; Enable             ; Enable             ;
; Verilog Version                                                                 ; Verilog_2001       ; Verilog_2001       ;
; VHDL Version                                                                    ; VHDL_1993          ; VHDL_1993          ;
; State Machine Processing                                                        ; Auto               ; Auto               ;
; Safe State Machine                                                              ; Off                ; Off                ;
; Extract Verilog State Machines                                                  ; On                 ; On                 ;
; Extract VHDL State Machines                                                     ; On                 ; On                 ;
; Ignore Verilog initial constructs                                               ; Off                ; Off                ;
; Iteration limit for constant Verilog loops                                      ; 5000               ; 5000               ;
; Iteration limit for non-constant Verilog loops                                  ; 250                ; 250                ;
; Add Pass-Through Logic to Inferred RAMs                                         ; On                 ; On                 ;
; Infer RAMs from Raw Logic                                                       ; On                 ; On                 ;
; Parallel Synthesis                                                              ; On                 ; On                 ;
; DSP Block Balancing                                                             ; Auto               ; Auto               ;
; NOT Gate Push-Back                                                              ; On                 ; On                 ;
; Power-Up Don't Care                                                             ; On                 ; On                 ;
; Remove Redundant Logic Cells                                                    ; Off                ; Off                ;
; Remove Duplicate Registers                                                      ; On                 ; On                 ;
; Ignore CARRY Buffers                                                            ; Off                ; Off                ;
; Ignore CASCADE Buffers                                                          ; Off                ; Off                ;
; Ignore GLOBAL Buffers                                                           ; Off                ; Off                ;
; Ignore ROW GLOBAL Buffers                                                       ; Off                ; Off                ;
; Ignore LCELL Buffers                                                            ; Off                ; Off                ;
; Ignore SOFT Buffers                                                             ; On                 ; On                 ;
; Limit AHDL Integers to 32 Bits                                                  ; Off                ; Off                ;
; Optimization Technique                                                          ; Balanced           ; Balanced           ;
; Carry Chain Length                                                              ; 70                 ; 70                 ;
; Auto Carry Chains                                                               ; On                 ; On                 ;
; Auto Open-Drain Pins                                                            ; On                 ; On                 ;
; Perform WYSIWYG Primitive Resynthesis                                           ; Off                ; Off                ;
; Auto ROM Replacement                                                            ; On                 ; On                 ;
; Auto RAM Replacement                                                            ; On                 ; On                 ;
; Auto DSP Block Replacement                                                      ; On                 ; On                 ;
; Auto Shift Register Replacement                                                 ; Auto               ; Auto               ;
; Allow Shift Register Merging across Hierarchies                                 ; Auto               ; Auto               ;
; Auto Clock Enable Replacement                                                   ; On                 ; On                 ;
; Strict RAM Replacement                                                          ; Off                ; Off                ;
; Allow Synchronous Control Signals                                               ; On                 ; On                 ;
; Force Use of Synchronous Clear Signals                                          ; Off                ; Off                ;
; Auto Resource Sharing                                                           ; Off                ; Off                ;
; Allow Any RAM Size For Recognition                                              ; Off                ; Off                ;
; Allow Any ROM Size For Recognition                                              ; Off                ; Off                ;
; Allow Any Shift Register Size For Recognition                                   ; Off                ; Off                ;
; Use LogicLock Constraints during Resource Balancing                             ; On                 ; On                 ;
; Ignore translate_off and synthesis_off directives                               ; Off                ; Off                ;
; Timing-Driven Synthesis                                                         ; On                 ; On                 ;
; Report Parameter Settings                                                       ; On                 ; On                 ;
; Report Source Assignments                                                       ; On                 ; On                 ;
; Report Connectivity Checks                                                      ; On                 ; On                 ;
; Ignore Maximum Fan-Out Assignments                                              ; Off                ; Off                ;
; Synchronization Register Chain Length                                           ; 3                  ; 3                  ;
; PowerPlay Power Optimization During Synthesis                                   ; Normal compilation ; Normal compilation ;
; HDL message level                                                               ; Level2             ; Level2             ;
; Suppress Register Optimization Related Messages                                 ; Off                ; Off                ;
; Number of Removed Registers Reported in Synthesis Report                        ; 5000               ; 5000               ;
; Number of Swept Nodes Reported in Synthesis Report                              ; 5000               ; 5000               ;
; Number of Inverted Registers Reported in Synthesis Report                       ; 100                ; 100                ;
; Clock MUX Protection                                                            ; On                 ; On                 ;
; Auto Gated Clock Conversion                                                     ; Off                ; Off                ;
; Block Design Naming                                                             ; Auto               ; Auto               ;
; SDC constraint protection                                                       ; Off                ; Off                ;
; Synthesis Effort                                                                ; Auto               ; Auto               ;
; Shift Register Replacement - Allow Asynchronous Clear Signal                    ; On                 ; On                 ;
; Pre-Mapping Resynthesis Optimization                                            ; Off                ; Off                ;
; Analysis & Synthesis Message Level                                              ; Medium             ; Medium             ;
; Disable Register Merging Across Hierarchies                                     ; Auto               ; Auto               ;
; Resource Aware Inference For Block RAM                                          ; On                 ; On                 ;
; Automatic Parallel Synthesis                                                    ; On                 ; On                 ;
; Partial Reconfiguration Bitstream ID                                            ; Off                ; Off                ;
+---------------------------------------------------------------------------------+--------------------+--------------------+


+-------------------------------------------------------------------------------------------------------------------------------------------------------------------------------------------------------------------------------------------------------------------------+
; SignalTap II Logic Analyzer Settings                                                                                                                                                                                                                                    ;
+----------------+------------------+---------------------+------------------+--------------+----------+------------------------+----------------------+--------------------+-----------------------------+-----------------+------------------+--------------------------+
; Instance Index ; Instance Name    ; Trigger Input Width ; Data Input Width ; Sample Depth ; Segments ; Storage Qualifier Type ; Trigger Flow Control ; Trigger Conditions ; Advanced Trigger Conditions ; Trigger In Used ; Trigger Out Used ; Power-Up Trigger Enabled ;
+----------------+------------------+---------------------+------------------+--------------+----------+------------------------+----------------------+--------------------+-----------------------------+-----------------+------------------+--------------------------+
; 0              ; auto_signaltap_0 ; 24                  ; 24               ; 1024         ; 1        ; continuous             ; sequential           ; 1                  ; 0                           ; no              ; no               ; no                       ;
+----------------+------------------+---------------------+------------------+--------------+----------+------------------------+----------------------+--------------------+-----------------------------+-----------------+------------------+--------------------------+


+---------------------------------+
; Analysis & Elaboration Messages ;
+---------------------------------+
Info: *******************************************************************
Info: Running Quartus Prime Analysis & Elaboration
    Info: Version 17.0.0 Build 595 04/25/2017 SJ Lite Edition
    Info: Processing started: Mon May 13 20:58:32 2019
Info: Command: quartus_map --read_settings_files=on --write_settings_files=off Lab1Demo -c Lab1Demo --analysis_and_elaboration
Info (20030): Parallel compilation is enabled and will use 2 of the 2 processors detected
Info (12021): Found 1 design units, including 1 entities, in source file rtl/control/random.sv
    Info (12023): Found entity 1: random File: C:/Users/shura/OneDrive/EE/Semester 5/Lab/EELabProject/Project/SpaceInvaders_restored/RTL/Control/random.sv Line: 1
Info (12021): Found 1 design units, including 1 entities, in source file rtl/control/one_sec_counter.sv
    Info (12023): Found entity 1: one_sec_counter File: C:/Users/shura/OneDrive/EE/Semester 5/Lab/EELabProject/Project/SpaceInvaders_restored/RTL/Control/one_sec_counter.sv Line: 9
Info (12021): Found 1 design units, including 1 entities, in source file rtl/keyboard/lpf.sv
    Info (12023): Found entity 1: lpf File: C:/Users/shura/OneDrive/EE/Semester 5/Lab/EELabProject/Project/SpaceInvaders_restored/RTL/KEYBOARD/lpf.sv Line: 5
Info (12021): Found 1 design units, including 1 entities, in source file rtl/keyboard/keytoggle_decoderin.sv
    Info (12023): Found entity 1: keyToggle_decoderIn File: C:/Users/shura/OneDrive/EE/Semester 5/Lab/EELabProject/Project/SpaceInvaders_restored/RTL/KEYBOARD/keyToggle_decoderIn.sv Line: 6
Info (12021): Found 1 design units, including 1 entities, in source file rtl/keyboard/keytoggle_decoder.sv
    Info (12023): Found entity 1: keyToggle_decoder File: C:/Users/shura/OneDrive/EE/Semester 5/Lab/EELabProject/Project/SpaceInvaders_restored/RTL/KEYBOARD/keyToggle_decoder.sv Line: 6
Info (12021): Found 1 design units, including 1 entities, in source file rtl/keyboard/kbdintf.bdf
    Info (12023): Found entity 1: KBDINTF
Info (12021): Found 1 design units, including 1 entities, in source file rtl/keyboard/kbd_interface.sv
    Info (12023): Found entity 1: kbd_interface File: C:/Users/shura/OneDrive/EE/Semester 5/Lab/EELabProject/Project/SpaceInvaders_restored/RTL/KEYBOARD/kbd_interface.sv Line: 4
Info (12021): Found 1 design units, including 1 entities, in source file rtl/keyboard/byterec.sv
    Info (12023): Found entity 1: byterec File: C:/Users/shura/OneDrive/EE/Semester 5/Lab/EELabProject/Project/SpaceInvaders_restored/RTL/KEYBOARD/byterec.sv Line: 4
Info (12021): Found 1 design units, including 1 entities, in source file rtl/keyboard/bitrec.sv
    Info (12023): Found entity 1: bitrec File: C:/Users/shura/OneDrive/EE/Semester 5/Lab/EELabProject/Project/SpaceInvaders_restored/RTL/KEYBOARD/bitrec.sv Line: 4
Info (12021): Found 1 design units, including 1 entities, in source file rtl/vga/square_object.sv
    Info (12023): Found entity 1: square_object File: C:/Users/shura/OneDrive/EE/Semester 5/Lab/EELabProject/Project/SpaceInvaders_restored/RTL/VGA/square_object.sv Line: 8
Info (12021): Found 1 design units, including 1 entities, in source file rtl/vga/objects_mux.sv
    Info (12023): Found entity 1: objects_mux File: C:/Users/shura/OneDrive/EE/Semester 5/Lab/EELabProject/Project/SpaceInvaders_restored/RTL/VGA/objects_mux.sv Line: 7
Info (12021): Found 1 design units, including 1 entities, in source file rtl/vga/vga_controller.sv
    Info (12023): Found entity 1: VGA_Controller File: C:/Users/shura/OneDrive/EE/Semester 5/Lab/EELabProject/Project/SpaceInvaders_restored/RTL/VGA/VGA_Controller.sv Line: 6
Info (12021): Found 1 design units, including 1 entities, in source file rtl/vga/back_ground_draw.sv
    Info (12023): Found entity 1: back_ground_draw File: C:/Users/shura/OneDrive/EE/Semester 5/Lab/EELabProject/Project/SpaceInvaders_restored/RTL/VGA/back_ground_draw.sv Line: 3
Info (12021): Found 1 design units, including 1 entities, in source file rtl/mss/tonedecoder.sv
    Info (12023): Found entity 1: ToneDecoder File: C:/Users/shura/OneDrive/EE/Semester 5/Lab/EELabProject/Project/SpaceInvaders_restored/RTL/MSS/ToneDecoder.sv Line: 6
Info (12021): Found 1 design units, including 1 entities, in source file rtl/mss/top_mss_demo.bdf
    Info (12023): Found entity 1: TOP_MSS_DEMO
Info (12021): Found 1 design units, including 1 entities, in source file rtl/mss/sintable.sv
    Info (12023): Found entity 1: sintable File: C:/Users/shura/OneDrive/EE/Semester 5/Lab/EELabProject/Project/SpaceInvaders_restored/RTL/MSS/SinTable.sv Line: 8
Info (12021): Found 1 design units, including 1 entities, in source file rtl/mss/prescaler.sv
    Info (12023): Found entity 1: prescaler File: C:/Users/shura/OneDrive/EE/Semester 5/Lab/EELabProject/Project/SpaceInvaders_restored/RTL/MSS/prescaler.sv Line: 12
Info (12021): Found 1 design units, including 1 entities, in source file rtl/mss/data_conversion.sv
    Info (12023): Found entity 1: data_conversion File: C:/Users/shura/OneDrive/EE/Semester 5/Lab/EELabProject/Project/SpaceInvaders_restored/RTL/MSS/data_conversion.sv Line: 4
Info (12021): Found 1 design units, including 1 entities, in source file rtl/mss/addr_counter.sv
    Info (12023): Found entity 1: addr_counter File: C:/Users/shura/OneDrive/EE/Semester 5/Lab/EELabProject/Project/SpaceInvaders_restored/RTL/MSS/addr_counter.sv Line: 4
Info (12021): Found 1 design units, including 1 entities, in source file rtl/audio_codec_controller/audio_codec_controller.qxp
    Info (12023): Found entity 1: audio_codec_controller File: C:/Users/shura/OneDrive/EE/Semester 5/Lab/EELabProject/Project/SpaceInvaders_restored/RTL/audio_codec_controller/audio_codec_controller.qxp Line: -1
Info (12021): Found 1 design units, including 1 entities, in source file rtl/seg7/seg7.sv
    Info (12023): Found entity 1: SEG7 File: C:/Users/shura/OneDrive/EE/Semester 5/Lab/EELabProject/Project/SpaceInvaders_restored/RTL/Seg7/SEG7.SV Line: 4
Info (12021): Found 1 design units, including 1 entities, in source file rtl/keyboard/top_kbd_demoall.bdf
    Info (12023): Found entity 1: TOP_KBD_DEMOALL
Info (12021): Found 1 design units, including 1 entities, in source file rtl/keyboard/keypad_decoder.sv
    Info (12023): Found entity 1: keyPad_decoder File: C:/Users/shura/OneDrive/EE/Semester 5/Lab/EELabProject/Project/SpaceInvaders_restored/RTL/KEYBOARD/keyPad_decoder.sv Line: 5
Info (12021): Found 1 design units, including 1 entities, in source file rtl/top_schematic.bdf
    Info (12023): Found entity 1: TOP_Schematic
Info (12021): Found 1 design units, including 1 entities, in source file rtl/vga/invader_move.sv
    Info (12023): Found entity 1: Invader_move File: C:/Users/shura/OneDrive/EE/Semester 5/Lab/EELabProject/Project/SpaceInvaders_restored/RTL/VGA/Invader_move.sv Line: 2
Info (12021): Found 1 design units, including 1 entities, in source file rtl/vga/player_move.sv
    Info (12023): Found entity 1: Player_move File: C:/Users/shura/OneDrive/EE/Semester 5/Lab/EELabProject/Project/SpaceInvaders_restored/RTL/VGA/Player_move.sv Line: 1
Warning (10236): Verilog HDL Implicit Net warning at byterec.sv(35): created implicit net for "nor_code" File: C:/Users/shura/OneDrive/EE/Semester 5/Lab/EELabProject/Project/SpaceInvaders_restored/RTL/KEYBOARD/byterec.sv Line: 35
Warning (10236): Verilog HDL Implicit Net warning at byterec.sv(36): created implicit net for "ext_code" File: C:/Users/shura/OneDrive/EE/Semester 5/Lab/EELabProject/Project/SpaceInvaders_restored/RTL/KEYBOARD/byterec.sv Line: 36
Warning (10236): Verilog HDL Implicit Net warning at byterec.sv(37): created implicit net for "rel_code" File: C:/Users/shura/OneDrive/EE/Semester 5/Lab/EELabProject/Project/SpaceInvaders_restored/RTL/KEYBOARD/byterec.sv Line: 37
Info (12127): Elaborating entity "Player_move" for the top level hierarchy
Warning (10036): Verilog HDL or VHDL warning at Player_move.sv(30): object "x_FRAME_SIZE" assigned a value but never read File: C:/Users/shura/OneDrive/EE/Semester 5/Lab/EELabProject/Project/SpaceInvaders_restored/RTL/VGA/Player_move.sv Line: 30
Warning (10036): Verilog HDL or VHDL warning at Player_move.sv(31): object "y_FRAME_SIZE" assigned a value but never read File: C:/Users/shura/OneDrive/EE/Semester 5/Lab/EELabProject/Project/SpaceInvaders_restored/RTL/VGA/Player_move.sv Line: 31
Warning (10240): Verilog HDL Always Construct warning at Player_move.sv(66): inferring latch(es) for variable "topLeftY_tmp", which holds its previous value in one or more paths through the always construct File: C:/Users/shura/OneDrive/EE/Semester 5/Lab/EELabProject/Project/SpaceInvaders_restored/RTL/VGA/Player_move.sv Line: 66
Warning (10230): Verilog HDL assignment warning at Player_move.sv(86): truncated value with size 32 to match size of target (11) File: C:/Users/shura/OneDrive/EE/Semester 5/Lab/EELabProject/Project/SpaceInvaders_restored/RTL/VGA/Player_move.sv Line: 86
Warning (10230): Verilog HDL assignment warning at Player_move.sv(87): truncated value with size 32 to match size of target (11) File: C:/Users/shura/OneDrive/EE/Semester 5/Lab/EELabProject/Project/SpaceInvaders_restored/RTL/VGA/Player_move.sv Line: 87
Info (10041): Inferred latch for "topLeftY_tmp[0]" at Player_move.sv(66) File: C:/Users/shura/OneDrive/EE/Semester 5/Lab/EELabProject/Project/SpaceInvaders_restored/RTL/VGA/Player_move.sv Line: 66
Info (10041): Inferred latch for "topLeftY_tmp[1]" at Player_move.sv(66) File: C:/Users/shura/OneDrive/EE/Semester 5/Lab/EELabProject/Project/SpaceInvaders_restored/RTL/VGA/Player_move.sv Line: 66
Info (10041): Inferred latch for "topLeftY_tmp[2]" at Player_move.sv(66) File: C:/Users/shura/OneDrive/EE/Semester 5/Lab/EELabProject/Project/SpaceInvaders_restored/RTL/VGA/Player_move.sv Line: 66
Info (10041): Inferred latch for "topLeftY_tmp[3]" at Player_move.sv(66) File: C:/Users/shura/OneDrive/EE/Semester 5/Lab/EELabProject/Project/SpaceInvaders_restored/RTL/VGA/Player_move.sv Line: 66
Info (10041): Inferred latch for "topLeftY_tmp[4]" at Player_move.sv(66) File: C:/Users/shura/OneDrive/EE/Semester 5/Lab/EELabProject/Project/SpaceInvaders_restored/RTL/VGA/Player_move.sv Line: 66
Info (10041): Inferred latch for "topLeftY_tmp[5]" at Player_move.sv(66) File: C:/Users/shura/OneDrive/EE/Semester 5/Lab/EELabProject/Project/SpaceInvaders_restored/RTL/VGA/Player_move.sv Line: 66
Info (10041): Inferred latch for "topLeftY_tmp[6]" at Player_move.sv(66) File: C:/Users/shura/OneDrive/EE/Semester 5/Lab/EELabProject/Project/SpaceInvaders_restored/RTL/VGA/Player_move.sv Line: 66
Info (10041): Inferred latch for "topLeftY_tmp[7]" at Player_move.sv(66) File: C:/Users/shura/OneDrive/EE/Semester 5/Lab/EELabProject/Project/SpaceInvaders_restored/RTL/VGA/Player_move.sv Line: 66
Info (10041): Inferred latch for "topLeftY_tmp[8]" at Player_move.sv(66) File: C:/Users/shura/OneDrive/EE/Semester 5/Lab/EELabProject/Project/SpaceInvaders_restored/RTL/VGA/Player_move.sv Line: 66
Info (10041): Inferred latch for "topLeftY_tmp[9]" at Player_move.sv(66) File: C:/Users/shura/OneDrive/EE/Semester 5/Lab/EELabProject/Project/SpaceInvaders_restored/RTL/VGA/Player_move.sv Line: 66
Info (10041): Inferred latch for "topLeftY_tmp[10]" at Player_move.sv(66) File: C:/Users/shura/OneDrive/EE/Semester 5/Lab/EELabProject/Project/SpaceInvaders_restored/RTL/VGA/Player_move.sv Line: 66
Info (10041): Inferred latch for "topLeftY_tmp[11]" at Player_move.sv(66) File: C:/Users/shura/OneDrive/EE/Semester 5/Lab/EELabProject/Project/SpaceInvaders_restored/RTL/VGA/Player_move.sv Line: 66
Info (10041): Inferred latch for "topLeftY_tmp[12]" at Player_move.sv(66) File: C:/Users/shura/OneDrive/EE/Semester 5/Lab/EELabProject/Project/SpaceInvaders_restored/RTL/VGA/Player_move.sv Line: 66
Info (10041): Inferred latch for "topLeftY_tmp[13]" at Player_move.sv(66) File: C:/Users/shura/OneDrive/EE/Semester 5/Lab/EELabProject/Project/SpaceInvaders_restored/RTL/VGA/Player_move.sv Line: 66
Info (10041): Inferred latch for "topLeftY_tmp[14]" at Player_move.sv(66) File: C:/Users/shura/OneDrive/EE/Semester 5/Lab/EELabProject/Project/SpaceInvaders_restored/RTL/VGA/Player_move.sv Line: 66
Info (10041): Inferred latch for "topLeftY_tmp[15]" at Player_move.sv(66) File: C:/Users/shura/OneDrive/EE/Semester 5/Lab/EELabProject/Project/SpaceInvaders_restored/RTL/VGA/Player_move.sv Line: 66
Info (10041): Inferred latch for "topLeftY_tmp[16]" at Player_move.sv(66) File: C:/Users/shura/OneDrive/EE/Semester 5/Lab/EELabProject/Project/SpaceInvaders_restored/RTL/VGA/Player_move.sv Line: 66
Info (10041): Inferred latch for "topLeftY_tmp[17]" at Player_move.sv(66) File: C:/Users/shura/OneDrive/EE/Semester 5/Lab/EELabProject/Project/SpaceInvaders_restored/RTL/VGA/Player_move.sv Line: 66
Info (10041): Inferred latch for "topLeftY_tmp[18]" at Player_move.sv(66) File: C:/Users/shura/OneDrive/EE/Semester 5/Lab/EELabProject/Project/SpaceInvaders_restored/RTL/VGA/Player_move.sv Line: 66
Info (10041): Inferred latch for "topLeftY_tmp[19]" at Player_move.sv(66) File: C:/Users/shura/OneDrive/EE/Semester 5/Lab/EELabProject/Project/SpaceInvaders_restored/RTL/VGA/Player_move.sv Line: 66
Info (10041): Inferred latch for "topLeftY_tmp[20]" at Player_move.sv(66) File: C:/Users/shura/OneDrive/EE/Semester 5/Lab/EELabProject/Project/SpaceInvaders_restored/RTL/VGA/Player_move.sv Line: 66
Info (10041): Inferred latch for "topLeftY_tmp[21]" at Player_move.sv(66) File: C:/Users/shura/OneDrive/EE/Semester 5/Lab/EELabProject/Project/SpaceInvaders_restored/RTL/VGA/Player_move.sv Line: 66
Info (10041): Inferred latch for "topLeftY_tmp[22]" at Player_move.sv(66) File: C:/Users/shura/OneDrive/EE/Semester 5/Lab/EELabProject/Project/SpaceInvaders_restored/RTL/VGA/Player_move.sv Line: 66
Info (10041): Inferred latch for "topLeftY_tmp[23]" at Player_move.sv(66) File: C:/Users/shura/OneDrive/EE/Semester 5/Lab/EELabProject/Project/SpaceInvaders_restored/RTL/VGA/Player_move.sv Line: 66
Info (10041): Inferred latch for "topLeftY_tmp[24]" at Player_move.sv(66) File: C:/Users/shura/OneDrive/EE/Semester 5/Lab/EELabProject/Project/SpaceInvaders_restored/RTL/VGA/Player_move.sv Line: 66
Info (10041): Inferred latch for "topLeftY_tmp[25]" at Player_move.sv(66) File: C:/Users/shura/OneDrive/EE/Semester 5/Lab/EELabProject/Project/SpaceInvaders_restored/RTL/VGA/Player_move.sv Line: 66
Info (10041): Inferred latch for "topLeftY_tmp[26]" at Player_move.sv(66) File: C:/Users/shura/OneDrive/EE/Semester 5/Lab/EELabProject/Project/SpaceInvaders_restored/RTL/VGA/Player_move.sv Line: 66
Info (10041): Inferred latch for "topLeftY_tmp[27]" at Player_move.sv(66) File: C:/Users/shura/OneDrive/EE/Semester 5/Lab/EELabProject/Project/SpaceInvaders_restored/RTL/VGA/Player_move.sv Line: 66
Info (10041): Inferred latch for "topLeftY_tmp[28]" at Player_move.sv(66) File: C:/Users/shura/OneDrive/EE/Semester 5/Lab/EELabProject/Project/SpaceInvaders_restored/RTL/VGA/Player_move.sv Line: 66
Info (10041): Inferred latch for "topLeftY_tmp[29]" at Player_move.sv(66) File: C:/Users/shura/OneDrive/EE/Semester 5/Lab/EELabProject/Project/SpaceInvaders_restored/RTL/VGA/Player_move.sv Line: 66
Info (10041): Inferred latch for "topLeftY_tmp[30]" at Player_move.sv(66) File: C:/Users/shura/OneDrive/EE/Semester 5/Lab/EELabProject/Project/SpaceInvaders_restored/RTL/VGA/Player_move.sv Line: 66
Info (10041): Inferred latch for "topLeftY_tmp[31]" at Player_move.sv(66) File: C:/Users/shura/OneDrive/EE/Semester 5/Lab/EELabProject/Project/SpaceInvaders_restored/RTL/VGA/Player_move.sv Line: 66
Info (12021): Found 1 design units, including 1 entities, in source file db/altsyncram_ug84.tdf
    Info (12023): Found entity 1: altsyncram_ug84 File: C:/Users/shura/OneDrive/EE/Semester 5/Lab/EELabProject/Project/SpaceInvaders_restored/db/altsyncram_ug84.tdf Line: 28
Info (12021): Found 1 design units, including 1 entities, in source file db/mux_blc.tdf
    Info (12023): Found entity 1: mux_blc File: C:/Users/shura/OneDrive/EE/Semester 5/Lab/EELabProject/Project/SpaceInvaders_restored/db/mux_blc.tdf Line: 23
Info (12021): Found 1 design units, including 1 entities, in source file db/decode_vnf.tdf
    Info (12023): Found entity 1: decode_vnf File: C:/Users/shura/OneDrive/EE/Semester 5/Lab/EELabProject/Project/SpaceInvaders_restored/db/decode_vnf.tdf Line: 23
Info (12021): Found 1 design units, including 1 entities, in source file db/cntr_19i.tdf
    Info (12023): Found entity 1: cntr_19i File: C:/Users/shura/OneDrive/EE/Semester 5/Lab/EELabProject/Project/SpaceInvaders_restored/db/cntr_19i.tdf Line: 28
Info (12021): Found 1 design units, including 1 entities, in source file db/cmpr_d9c.tdf
    Info (12023): Found entity 1: cmpr_d9c File: C:/Users/shura/OneDrive/EE/Semester 5/Lab/EELabProject/Project/SpaceInvaders_restored/db/cmpr_d9c.tdf Line: 23
Info (12021): Found 1 design units, including 1 entities, in source file db/cntr_q1j.tdf
    Info (12023): Found entity 1: cntr_q1j File: C:/Users/shura/OneDrive/EE/Semester 5/Lab/EELabProject/Project/SpaceInvaders_restored/db/cntr_q1j.tdf Line: 26
Info (12021): Found 1 design units, including 1 entities, in source file db/cntr_u8i.tdf
    Info (12023): Found entity 1: cntr_u8i File: C:/Users/shura/OneDrive/EE/Semester 5/Lab/EELabProject/Project/SpaceInvaders_restored/db/cntr_u8i.tdf Line: 28
Info (12021): Found 1 design units, including 1 entities, in source file db/cntr_kri.tdf
    Info (12023): Found entity 1: cntr_kri File: C:/Users/shura/OneDrive/EE/Semester 5/Lab/EELabProject/Project/SpaceInvaders_restored/db/cntr_kri.tdf Line: 28
Info (12021): Found 1 design units, including 1 entities, in source file db/cmpr_99c.tdf
    Info (12023): Found entity 1: cmpr_99c File: C:/Users/shura/OneDrive/EE/Semester 5/Lab/EELabProject/Project/SpaceInvaders_restored/db/cmpr_99c.tdf Line: 23
Info (12033): Analysis and Synthesis generated SignalTap II or debug node instance "auto_signaltap_0"
Info (11170): Starting IP generation for the debug fabric: alt_sld_fab.
Info (11172): 2019.05.13.20:59:12 Progress: Loading sld6dfc5e3d/alt_sld_fab_wrapper_hw.tcl
Info (11172): Alt_sld_fab.alt_sld_fab: SLD fabric agents which did not specify prefer_host were connected to JTAG
Info (11172): Alt_sld_fab: Generating alt_sld_fab "alt_sld_fab" for QUARTUS_SYNTH
Info (11172): Alt_sld_fab: "alt_sld_fab" instantiated alt_sld_fab "alt_sld_fab"
Info (11172): Presplit: "alt_sld_fab" instantiated altera_super_splitter "presplit"
Info (11172): Splitter: "alt_sld_fab" instantiated altera_sld_splitter "splitter"
Info (11172): Sldfabric: "alt_sld_fab" instantiated altera_sld_jtag_hub "sldfabric"
Info (11172): Ident: "alt_sld_fab" instantiated altera_connection_identification_hub "ident"
Info (11172): Alt_sld_fab: Done "alt_sld_fab" with 6 modules, 6 files
Info (11171): Finished IP generation for the debug fabric: alt_sld_fab.
Info (12021): Found 1 design units, including 1 entities, in source file db/ip/sld6dfc5e3d/alt_sld_fab.v
    Info (12023): Found entity 1: alt_sld_fab File: C:/Users/shura/OneDrive/EE/Semester 5/Lab/EELabProject/Project/SpaceInvaders_restored/db/ip/sld6dfc5e3d/alt_sld_fab.v Line: 9
Info (12021): Found 1 design units, including 1 entities, in source file db/ip/sld6dfc5e3d/submodules/alt_sld_fab_alt_sld_fab.v
    Info (12023): Found entity 1: alt_sld_fab_alt_sld_fab File: C:/Users/shura/OneDrive/EE/Semester 5/Lab/EELabProject/Project/SpaceInvaders_restored/db/ip/sld6dfc5e3d/submodules/alt_sld_fab_alt_sld_fab.v Line: 9
Info (12021): Found 1 design units, including 1 entities, in source file db/ip/sld6dfc5e3d/submodules/alt_sld_fab_alt_sld_fab_ident.sv
    Info (12023): Found entity 1: alt_sld_fab_alt_sld_fab_ident File: C:/Users/shura/OneDrive/EE/Semester 5/Lab/EELabProject/Project/SpaceInvaders_restored/db/ip/sld6dfc5e3d/submodules/alt_sld_fab_alt_sld_fab_ident.sv Line: 33
Info (12021): Found 1 design units, including 1 entities, in source file db/ip/sld6dfc5e3d/submodules/alt_sld_fab_alt_sld_fab_presplit.sv
    Info (12023): Found entity 1: alt_sld_fab_alt_sld_fab_presplit File: C:/Users/shura/OneDrive/EE/Semester 5/Lab/EELabProject/Project/SpaceInvaders_restored/db/ip/sld6dfc5e3d/submodules/alt_sld_fab_alt_sld_fab_presplit.sv Line: 3
Info (12021): Found 2 design units, including 1 entities, in source file db/ip/sld6dfc5e3d/submodules/alt_sld_fab_alt_sld_fab_sldfabric.vhd
    Info (12022): Found design unit 1: alt_sld_fab_alt_sld_fab_sldfabric-rtl File: C:/Users/shura/OneDrive/EE/Semester 5/Lab/EELabProject/Project/SpaceInvaders_restored/db/ip/sld6dfc5e3d/submodules/alt_sld_fab_alt_sld_fab_sldfabric.vhd Line: 102
    Info (12023): Found entity 1: alt_sld_fab_alt_sld_fab_sldfabric File: C:/Users/shura/OneDrive/EE/Semester 5/Lab/EELabProject/Project/SpaceInvaders_restored/db/ip/sld6dfc5e3d/submodules/alt_sld_fab_alt_sld_fab_sldfabric.vhd Line: 11
Info (12021): Found 1 design units, including 1 entities, in source file db/ip/sld6dfc5e3d/submodules/alt_sld_fab_alt_sld_fab_splitter.sv
    Info (12023): Found entity 1: alt_sld_fab_alt_sld_fab_splitter File: C:/Users/shura/OneDrive/EE/Semester 5/Lab/EELabProject/Project/SpaceInvaders_restored/db/ip/sld6dfc5e3d/submodules/alt_sld_fab_alt_sld_fab_splitter.sv Line: 3
Info (144001): Generated suppressed messages file C:/Users/shura/OneDrive/EE/Semester 5/Lab/EELabProject/Project/SpaceInvaders_restored/output_files/Lab1Demo.map.smsg
Info: Quartus Prime Analysis & Elaboration was successful. 0 errors, 8 warnings
    Info: Peak virtual memory: 4915 megabytes
    Info: Processing ended: Mon May 13 20:59:28 2019
    Info: Elapsed time: 00:00:56
    Info: Total CPU time (on all processors): 00:01:22


+--------------------------------------------+
; Analysis & Elaboration Suppressed Messages ;
+--------------------------------------------+
The suppressed messages can be found in C:/Users/shura/OneDrive/EE/Semester 5/Lab/EELabProject/Project/SpaceInvaders_restored/output_files/Lab1Demo.map.smsg.


